[17:18:55] TOTAL 207 files
[17:18:57] [1/207] OK  2010-01-06.hwp  (1.3s, 130319 bytes)
[17:19:04] [2/207] OK  2022년 국립국어원 업무계획.hwp  (6.9s, 796531 bytes)
[17:19:06] [3/207] OK  20250130-hongbo.hwp  (2.0s, 318979 bytes)
[17:19:10] [4/207] FAIL 20250130-hongbo_saved.hwp : The remote procedure call failed. (Exception from HRESULT: 0x800706BE)
[17:19:10] CRASH detected -- restarting Hwp COM instance (crash #1)
[17:19:11] [5/207] FAIL 20250130-hongbo-no.hwp : SaveAs returned False
[17:19:17] [6/207] OK  2025년 기부·답례품 실적 지자체 보고서_양식.hwpx  (5.7s, 1474285 bytes)
[17:19:20] [7/207] OK  21_언어_기출_편집가능본.hwp  (3.6s, 851275 bytes)
[17:19:30] [8/207] OK  aift.hwp  (9.6s, 1767558 bytes)
[17:19:30] [9/207] OK  atop-equation-01.hwp  (0.2s, 9168 bytes)
[17:19:30] [10/207] OK  basic\BlogForm_BookReview.hwp  (0.3s, 20856 bytes)
[17:19:31] [11/207] OK  basic\BlogForm_MovieReview.hwp  (0.2s, 19531 bytes)
[17:19:31] [12/207] OK  basic\BlogForm_Recipe.hwp  (0.3s, 21626 bytes)
[17:19:33] [13/207] OK  basic\BookReview.hwp  (2.1s, 131970 bytes)
[17:28:19] [14/207] FAIL basic\calendar_monthly.hwp : The remote procedure call failed. (Exception from HRESULT: 0x800706BE)
[17:28:19] CRASH detected -- restarting Hwp COM instance (crash #2)
[17:28:32] [15/207] OK  basic\calendar_year.hwp  (11.2s, 146422 bytes)
[17:28:32] [16/207] OK  basic\english.hwp  (0.4s, 84907 bytes)
[17:28:33] [17/207] OK  basic\Hyper(hwp2010).hwp  (0.9s, 486742 bytes)
[17:28:35] [18/207] OK  basic\interview.hwp  (2.0s, 520462 bytes)
[17:28:37] [19/207] OK  basic\KTX.hwp  (1.5s, 619260 bytes)
[17:28:38] [20/207] OK  basic\KTX-003.hwp  (1.2s, 619262 bytes)
[17:28:40] [21/207] OK  basic\NewYear_s_Day.hwp  (1.6s, 167706 bytes)
[17:28:41] [22/207] OK  basic\request.hwp  (1.0s, 70097 bytes)
[17:28:41] [23/207] OK  basic\shortcut.hwp  (0.1s, 5229 bytes)
[17:28:54] [24/207] OK  basic\sungeo.hwp  (12.9s, 3385360 bytes)
[17:29:06] [25/207] OK  basic\Textmail.hwp  (12.4s, 42507 bytes)
[17:29:25] [26/207] OK  basic\treatise sample.hwp  (18.6s, 468401 bytes)
[17:29:27] [27/207] OK  basic\Worldcup_FIFA2010_32.hwp  (2.4s, 797613 bytes)
[17:29:28] [28/207] OK  bitmap.hwp  (0.2s, 9063 bytes)
[17:29:29] [29/207] OK  biz_plan.hwp  (1.9s, 102541 bytes)
[17:29:30] [30/207] OK  calc-cell.hwp  (0.2s, 9225 bytes)
[17:29:30] [31/207] OK  draw-group.hwp  (0.3s, 22293 bytes)
[17:29:32] [32/207] OK  endnote-01.hwp  (1.6s, 103165 bytes)
[17:29:32] [33/207] OK  eq-01.hwp  (0.8s, 40442 bytes)
[17:29:33] [34/207] OK  equation-lim.hwp  (0.1s, 9340 bytes)
[17:29:38] [35/207] OK  exam_eng.hwp  (5.2s, 935380 bytes)
[17:29:51] [36/207] OK  exam_kor.hwp  (13.5s, 3706889 bytes)
[17:29:54] [37/207] OK  exam_math.hwp  (2.8s, 486070 bytes)
[17:29:54] [38/207] OK  exam_math_8.hwp  (0.2s, 31161 bytes)
[17:29:57] [39/207] OK  exam_math_no.hwp  (2.7s, 482727 bytes)
[17:29:59] [40/207] OK  exam_science.hwp  (1.9s, 423487 bytes)
[17:30:01] [41/207] OK  exam_social.hwp  (1.8s, 594783 bytes)
[17:30:01] [42/207] OK  field-01.hwp  (0.7s, 129061 bytes)
[17:30:02] [43/207] OK  field-01-memo.hwp  (0.6s, 129058 bytes)
[17:30:03] [44/207] OK  footnote-01.hwp  (0.7s, 106347 bytes)
[17:30:16] [45/207] OK  form-01.hwp  (12.9s, 5231 bytes)
[17:30:16] [46/207] OK  group-box.hwp  (0.2s, 12569 bytes)
[17:30:16] [47/207] OK  group-drawing-02.hwp  (0.3s, 17433 bytes)
[17:30:20] [48/207] FAIL honbo-save.hwp : The remote procedure call failed. (Exception from HRESULT: 0x800706BE)
[17:30:20] CRASH detected -- restarting Hwp COM instance (crash #3)
[17:30:21] [49/207] OK  h-pen-01.hwp  (0.3s, 8678 bytes)
[17:30:22] [50/207] OK  hwp_table_test.hwp  (0.6s, 27273 bytes)
[17:30:22] [51/207] FAIL hwp_table_test_saved.hwp : Open returned False
[17:30:23] [52/207] OK  hwp_table_test-m.hwp  (0.4s, 27301 bytes)
[17:30:23] [53/207] FAIL hwp-3.0-HWPML.hwp : SaveAs returned False
[17:30:26] [54/207] OK  hwp3-sample.hwp  (3.0s, 442870 bytes)
[17:30:31] [55/207] OK  hwp3-sample4.hwp  (5.7s, 1340327 bytes)
[17:30:36] [56/207] OK  hwp3-sample4-hwp5.hwp  (5.1s, 1340327 bytes)
[17:30:44] [57/207] OK  hwp3-sample5.hwp  (7.4s, 476130 bytes)
[17:30:50] [58/207] OK  hwp3-sample5-hwp5.hwp  (6.2s, 476129 bytes)
[17:30:56] [59/207] OK  hwp3-sample5-hwpx.hwpx  (6.4s, 476129 bytes)
[17:30:59] [60/207] OK  hwp3-sample-hwp5.hwp  (2.7s, 442870 bytes)
[17:31:02] [61/207] OK  hwp3-sample-hwpx.hwpx  (2.8s, 442873 bytes)
[17:31:05] [62/207] OK  hwpctl_Action_Table__v1.1.hwp  (2.6s, 462109 bytes)
[17:31:14] [63/207] OK  hwpctl_API_v2.4.hwp  (9.4s, 828097 bytes)
[17:31:21] [64/207] OK  hwpctl_ParameterSetID_Item_v1.2.hwp  (6.8s, 807675 bytes)
[17:31:22] [65/207] FAIL hwpers_test4_complex_table.hwp : Open returned False
[17:31:23] [66/207] OK  hwp-img-001.hwp  (1.0s, 77126 bytes)
[17:31:27] [67/207] OK  hwp-multi-001.hwp  (3.4s, 584469 bytes)
[17:31:29] [68/207] OK  hwp-multi-002.hwp  (2.7s, 297608 bytes)
[17:31:29] [69/207] FAIL hwpspec.hwp : SaveAs returned False
[17:31:33] [70/207] OK  hwpx\2024년 1분기 해외직접투자 보도자료 ff.hwp  (3.6s, 601651 bytes)
[17:31:35] [71/207] OK  hwpx\2024년 1분기 해외직접투자 보도자료 ff.hwpx  (2.4s, 601652 bytes)
[17:31:38] [72/207] OK  hwpx\2024년 2분기 해외직접투자 보도자료ff.hwpx  (2.5s, 601934 bytes)
[17:31:40] [73/207] OK  hwpx\2024년 연간 해외직접투자 보도자료 _ ff.hwpx  (2.5s, 623641 bytes)
[17:31:43] [74/207] OK  hwpx\2025년 1분기 해외직접투자 보도자료f.hwpx  (2.4s, 542614 bytes)
[17:31:45] [75/207] OK  hwpx\2025년 2분기 해외직접투자 (최종).hwpx  (2.3s, 544971 bytes)
[17:31:57] [76/207] OK  hwpx\aift.hwpx  (12.1s, 1723115 bytes)
[17:31:57] [77/207] OK  hwpx\blank_hwpx.hwpx  (0.2s, 5230 bytes)
[17:32:01] [78/207] OK  hwpx\form-002.hwpx  (3.8s, 465898 bytes)
[17:32:04] [79/207] OK  hwpx\hwpx-01.hwpx  (2.4s, 601650 bytes)
[17:32:04] [80/207] OK  hwpx\hwpx-02.hwpx  (0.9s, 116883 bytes)
[17:32:07] [81/207] OK  hwpx\hwpx-h-01.hwpx  (2.4s, 601651 bytes)
[17:32:09] [82/207] OK  hwpx\hwpx-h-02.hwpx  (2.3s, 544972 bytes)
[17:32:11] [83/207] OK  hwpx\hwpx-h-03.hwpx  (2.2s, 542611 bytes)
[17:32:12] [84/207] OK  hwpx\issue_157.hwpx  (1.0s, 35950 bytes)
[17:32:13] [85/207] OK  hwpx\issue_241.hwpx  (0.8s, 44243 bytes)
[17:32:19] [86/207] OK  hwpx\mel-001.hwpx  (5.5s, 623257 bytes)
[17:32:19] [87/207] OK  hwpx\ref\ref_empty.hwpx  (0.1s, 5230 bytes)
[17:32:19] [88/207] OK  hwpx\ref\ref_mixed.hwpx  (0.3s, 10527 bytes)
[17:32:19] [89/207] OK  hwpx\ref\ref_table.hwpx  (0.1s, 5452 bytes)
[17:32:20] [90/207] OK  hwpx\ref\ref_text.hwpx  (0.2s, 9414 bytes)
[17:32:20] [91/207] OK  hwpx\table-text.hwpx  (0.2s, 15404 bytes)
[17:32:21] [92/207] OK  img-start-001.hwp  (1.5s, 160345 bytes)
[17:32:22] [93/207] OK  inner-table-01.hwp  (0.5s, 75845 bytes)
[17:32:25] [94/207] OK  issue_265.hwp  (2.8s, 442870 bytes)
[17:32:25] [95/207] OK  issue-505-equations.hwp  (0.4s, 15656 bytes)
[17:32:40] [96/207] OK  kps-ai.hwp  (15.2s, 899573 bytes)
[17:32:45] [97/207] OK  KTX.hwp  (4.4s, 624012 bytes)
[17:32:50] [98/207] OK  k-water-rfp.hwp  (5.6s, 1392622 bytes)
[17:32:54] [99/207] OK  loading-fail-01.hwp  (3.3s, 396558 bytes)
[17:32:54] [100/207] OK  lseg-01-basic.hwp  (0.4s, 33868 bytes)
[17:32:54] [101/207] OK  lseg-02-mixed.hwp  (0.2s, 30017 bytes)
[17:32:54] [102/207] OK  lseg-03-spacing.hwp  (0.2s, 37804 bytes)
[17:32:55] [103/207] OK  lseg-04-indent.hwp  (0.2s, 38298 bytes)
[17:32:55] [104/207] OK  lseg-05-tab.hwp  (0.2s, 35979 bytes)
[17:32:55] [105/207] OK  lseg-06-multisize.hwp  (0.4s, 34811 bytes)
[17:32:59] [106/207] OK  mel-001.hwp  (3.8s, 623260 bytes)
[17:32:59] [107/207] OK  mix-shape-01.hwp  (0.2s, 14219 bytes)
[17:33:00] [108/207] OK  multi-table-001.hwp  (1.1s, 120927 bytes)
[17:33:01] [109/207] OK  multi-table-002.hwp  (1.1s, 120831 bytes)
[17:33:02] [110/207] OK  p122.hwp  (0.3s, 61601 bytes)
[17:33:02] [111/207] OK  pic-crop-01.hwp  (0.2s, 19211 bytes)
[17:33:08] [112/207] OK  pic-in-head-01.hwp  (5.7s, 1234219 bytes)
[17:33:10] [113/207] OK  pic-in-head-02.hwp  (2.3s, 317293 bytes)
[17:33:15] [114/207] OK  pic-in-table-01.hwp  (4.9s, 1234227 bytes)
[17:33:15] [115/207] OK  pr-149.hwp  (0.4s, 109184 bytes)
[17:33:16] [116/207] OK  pua-test.hwp  (0.3s, 27132 bytes)
[17:33:16] [117/207] OK  re-01-hangul-only-empty-hancom.hwp  (0.2s, 9725 bytes)
[17:33:16] [118/207] OK  re-01-hangul-only-hancom.hwp  (0.2s, 9725 bytes)
[17:33:16] [119/207] OK  re-02-space-count-empty-hancom.hwp  (0.2s, 9910 bytes)
[17:33:16] [120/207] OK  re-02-space-count-hancom.hwp  (0.2s, 9910 bytes)
[17:33:17] [121/207] OK  re-03-latin-only-empty-hancom.hwp  (0.2s, 11629 bytes)
[17:33:17] [122/207] OK  re-03-latin-only-hancom.hwp  (0.2s, 11762 bytes)
[17:33:17] [123/207] OK  re-04-digit-only-empty-hancom.hwp  (0.2s, 9284 bytes)
[17:33:17] [124/207] OK  re-04-digit-only-hancom.hwp  (0.2s, 9361 bytes)
[17:33:18] [125/207] OK  re-05-mixed-koen-empty-hancom.hwp  (0.2s, 9910 bytes)
[17:33:18] [126/207] OK  re-05-mixed-koen-hancom.hwp  (0.2s, 9994 bytes)
[17:33:18] [127/207] OK  re-06-punctuation-empty-hancom.hwp  (0.2s, 10558 bytes)
[17:33:18] [128/207] OK  re-06-punctuation-hancom.hwp  (0.3s, 10557 bytes)
[17:33:19] [129/207] OK  re-align-center-empty-hancom.hwp  (0.2s, 9637 bytes)
[17:33:19] [130/207] OK  re-align-center-hancom.hwp  (0.2s, 9635 bytes)
[17:33:19] [131/207] OK  re-align-justify-empty-hancom.hwp  (0.2s, 9725 bytes)
[17:33:19] [132/207] OK  re-align-justify-hancom.hwp  (0.2s, 9725 bytes)
[17:33:19] [133/207] OK  re-align-left-empty-hancom.hwp  (0.2s, 9632 bytes)
[17:33:20] [134/207] OK  re-align-left-hancom.hwp  (0.2s, 9632 bytes)
[17:33:20] [135/207] OK  re-align-right-empty-hancom.hwp  (0.2s, 9637 bytes)
[17:33:20] [136/207] OK  re-align-right-hancom.hwp  (0.2s, 9637 bytes)
[17:33:20] [137/207] OK  re-eng-mixed-batang-arial-empty-hancom.hwp  (0.2s, 25583 bytes)
[17:33:21] [138/207] OK  re-eng-mixed-batangche-empty-hancom.hwp  (0.2s, 14424 bytes)
[17:33:21] [139/207] OK  re-eng-mixed-batang-empty-hancom.hwp  (0.2s, 14775 bytes)
[17:33:21] [140/207] OK  re-eng-mixed-dotum-empty-hancom.hwp  (0.2s, 11676 bytes)
[17:33:21] [141/207] OK  re-eng-mixed-dotum-times-empty-hancom.hwp  (0.2s, 27432 bytes)
[17:33:21] [142/207] OK  re-eng-mixed-malgun-courier-empty-hancom.hwp  (0.2s, 23368 bytes)
[17:33:22] [143/207] OK  re-eng-mixed-malgun-empty-hancom.hwp  (0.2s, 14509 bytes)
[17:33:22] [144/207] OK  re-eng-mixed-malgun-times-empty-hancom.hwp  (0.2s, 33482 bytes)
[17:33:22] [145/207] OK  re-eng-nospace-batang-arial-empty-hancom.hwp  (0.1s, 23798 bytes)
[17:33:22] [146/207] OK  re-eng-nospace-batangche-empty-hancom.hwp  (0.2s, 11982 bytes)
[17:33:22] [147/207] OK  re-eng-nospace-batang-empty-hancom.hwp  (0.2s, 12213 bytes)
[17:33:23] [148/207] OK  re-eng-nospace-dotum-empty-hancom.hwp  (0.2s, 10681 bytes)
[17:33:23] [149/207] OK  re-eng-nospace-dotum-times-empty-hancom.hwp  (0.1s, 29483 bytes)
[17:33:23] [150/207] OK  re-eng-nospace-malgun-courier-empty-hancom.hwp  (0.1s, 20343 bytes)
[17:33:23] [151/207] OK  re-eng-nospace-malgun-empty-hancom.hwp  (0.2s, 13282 bytes)
[17:33:23] [152/207] OK  re-eng-nospace-malgun-times-empty-hancom.hwp  (0.2s, 38258 bytes)
[17:33:23] [153/207] OK  re-eng-words-batang-arial-empty-hancom.hwp  (0.1s, 24772 bytes)
[17:33:23] [154/207] OK  re-eng-words-batangche-empty-hancom.hwp  (0.2s, 12786 bytes)
[17:33:24] [155/207] OK  re-eng-words-batang-empty-hancom.hwp  (0.2s, 13053 bytes)
[17:33:24] [156/207] OK  re-eng-words-dotum-empty-hancom.hwp  (0.2s, 11419 bytes)
[17:33:24] [157/207] OK  re-eng-words-dotum-times-empty-hancom.hwp  (0.1s, 30594 bytes)
[17:33:24] [158/207] OK  re-eng-words-malgun-courier-empty-hancom.hwp  (0.1s, 21026 bytes)
[17:33:24] [159/207] OK  re-eng-words-malgun-empty-hancom.hwp  (0.2s, 13986 bytes)
[17:33:24] [160/207] OK  re-eng-words-malgun-times-empty-hancom.hwp  (0.2s, 39404 bytes)
[17:33:25] [161/207] OK  re-font-batangche-empty-hancom.hwp  (0.2s, 13081 bytes)
[17:33:25] [162/207] OK  re-font-batangche-hancom.hwp  (0.2s, 13079 bytes)
[17:33:25] [163/207] OK  re-font-batang-empty-hancom.hwp  (0.2s, 13080 bytes)
[17:33:25] [164/207] OK  re-font-batang-hancom.hwp  (0.2s, 13080 bytes)
[17:33:25] [165/207] OK  re-font-dotumche-empty-hancom.hwp  (0.2s, 13081 bytes)
[17:33:26] [166/207] OK  re-font-dotumche-hancom.hwp  (0.2s, 13079 bytes)
[17:33:26] [167/207] OK  re-font-dotum-empty-hancom.hwp  (0.2s, 13080 bytes)
[17:33:26] [168/207] OK  re-font-dotum-hancom.hwp  (0.2s, 13081 bytes)
[17:33:26] [169/207] OK  re-font-gulimche-empty-hancom.hwp  (0.2s, 13079 bytes)
[17:33:26] [170/207] OK  re-font-gulimche-hancom.hwp  (0.2s, 13079 bytes)
[17:33:27] [171/207] OK  re-font-gulim-empty-hancom.hwp  (0.2s, 13079 bytes)
[17:33:27] [172/207] OK  re-font-gulim-hancom.hwp  (0.2s, 13079 bytes)
[17:33:27] [173/207] OK  re-font-malgun-empty-hancom.hwp  (0.2s, 13079 bytes)
[17:33:27] [174/207] OK  re-font-malgun-hancom.hwp  (0.2s, 13080 bytes)
[17:33:27] [175/207] OK  re-mixed-0tr-empty-hancom.hwp  (0.2s, 10002 bytes)
[17:33:28] [176/207] OK  re-mixed-1tr-empty-hancom.hwp  (0.2s, 11117 bytes)
[17:33:28] [177/207] OK  re-mixed-2tr-empty-hancom.hwp  (0.2s, 11281 bytes)
[17:33:28] [178/207] OK  re-mixed-malgun-timesnew-hancom.hwp  (0.2s, 22344 bytes)
[17:33:28] [179/207] OK  re-multisize-10-10-empty-hancom.hwp  (0.2s, 9676 bytes)
[17:33:28] [180/207] OK  re-multisize-10-20-empty-hancom.hwp  (0.3s, 9730 bytes)
[17:33:29] [181/207] OK  re-multisize-8-14-empty-hancom.hwp  (0.3s, 9725 bytes)
[17:33:29] [182/207] OK  shape-group-02.hwp  (0.2s, 89653 bytes)
[17:33:29] [183/207] OK  shift-return.hwp  (0.3s, 12898 bytes)
[17:33:36] [184/207] OK  synam-001.hwp  (6.6s, 668022 bytes)
[17:33:36] [185/207] OK  table-001.hwp  (0.2s, 27562 bytes)
[17:33:36] [186/207] OK  table-004.hwp  (0.3s, 73088 bytes)
[17:33:37] [187/207] OK  table-complex.hwp  (0.6s, 49461 bytes)
[17:33:39] [188/207] OK  table-in-tbox.hwp  (2.0s, 134581 bytes)
[17:33:40] [189/207] OK  table-ipc.hwp  (1.3s, 99980 bytes)
[17:33:42] [190/207] OK  table-vpos-01.hwp  (2.1s, 268656 bytes)
[17:33:44] [191/207] OK  table-vpos-01.hwpx  (1.5s, 268653 bytes)
[17:33:44] [192/207] OK  tac-case-001.hwp  (0.2s, 12617 bytes)
[17:33:44] [193/207] OK  tac-case-002.hwp  (0.2s, 12613 bytes)
[17:33:45] [194/207] OK  tac-case-003.hwp  (0.2s, 12623 bytes)
[17:33:45] [195/207] OK  tac-case-004.hwp  (0.2s, 12607 bytes)
[17:33:45] [196/207] OK  tac-case-005.hwp  (0.2s, 12621 bytes)
[17:33:55] [197/207] OK  tac-img-02.hwp  (10.0s, 1346452 bytes)
[17:34:03] [198/207] OK  tac-img-02.hwpx  (8.0s, 1346452 bytes)
[17:34:03] [199/207] OK  task-001.hwp  (0.4s, 37458 bytes)
[17:34:04] [200/207] OK  text-align.hwp  (0.3s, 43461 bytes)
[17:34:04] [201/207] OK  text-align-2.hwp  (0.3s, 59088 bytes)
[17:34:05] [202/207] OK  복학원서.hwp  (0.6s, 123705 bytes)
[17:34:05] [203/207] OK  통합재정통계(2010.11월).hwp  (0.4s, 55863 bytes)
[17:34:05] [204/207] OK  통합재정통계(2011.10월).hwp  (0.3s, 55881 bytes)
[17:34:06] [205/207] OK  통합재정통계(2014.8월).hwp  (0.4s, 63296 bytes)
[17:34:06] [206/207] OK  표-텍스트.hwpx  (0.2s, 15403 bytes)
[17:34:06] [207/207] OK  한셀OLE.hwp  (0.1s, 6183 bytes)
[17:34:06] DONE: ok=199 fail=8 crashes=3
[17:34:06] FAILED FILES:
[17:34:06]   - 20250130-hongbo_saved.hwp
[17:34:06]   - 20250130-hongbo-no.hwp
[17:34:06]   - basic\calendar_monthly.hwp
[17:34:06]   - honbo-save.hwp
[17:34:06]   - hwp_table_test_saved.hwp
[17:34:06]   - hwp-3.0-HWPML.hwp
[17:34:06]   - hwpers_test4_complex_table.hwp
[17:34:06]   - hwpspec.hwp
